12:33:02 [INFO] process exec, pid: 416080, comm: sh, uid: 1000, euid: 1000, suid: 1000
12:33:02 [INFO] process exec, pid: 416081, comm: which, uid: 1000, euid: 1000, suid: 1000
12:33:02 [INFO] process exit, pid: 416081, parent_pid: 416080
12:33:02 [INFO] process exit, pid: 416080, parent_pid: 347489
12:33:02 [INFO] process exec, pid: 416082, comm: sh, uid: 1000, euid: 1000, suid: 1000
12:33:02 [INFO] process exec, pid: 416083, comm: ps, uid: 1000, euid: 1000, suid: 1000
12:33:02 [INFO] process exit, pid: 416083, parent_pid: 416082
12:33:02 [INFO] process exit, pid: 416082, parent_pid: 347489
12:33:02 [INFO] process exec, pid: 416084, comm: sh, uid: 1000, euid: 1000, suid: 1000
12:33:02 [INFO] process exec, pid: 416085, comm: cpuUsage.sh, uid: 1000, euid: 1000, suid: 1000
12:33:02 [INFO] process exec, pid: 416086, comm: sed, uid: 1000, euid: 1000, suid: 1000
12:33:02 [INFO] Successfully removed pid: 416081 from ZOMBIE_PROCESSES
12:33:02 [INFO] Freeing process, pid: 416081
12:33:02 [INFO] Successfully removed pid: 416080 from ZOMBIE_PROCESSES
12:33:02 [INFO] Freeing process, pid: 416080
12:33:02 [INFO] process exit, pid: 416086, parent_pid: 416085
12:33:02 [INFO] process exec, pid: 416087, comm: cat, uid: 1000, euid: 1000, suid: 1000
12:33:02 [INFO] process exit, pid: 416087, parent_pid: 416085
12:33:02 [INFO] process exec, pid: 416088, comm: cat, uid: 1000, euid: 1000, suid: 1000
12:33:02 [INFO] process exit, pid: 416088, parent_pid: 416085
12:33:02 [INFO] process exec, pid: 416089, comm: cat, uid: 1000, euid: 1000, suid: 1000
12:33:02 [INFO] process exit, pid: 416089, parent_pid: 416085
12:33:02 [INFO] process exec, pid: 416090, comm: cat, uid: 1000, euid: 1000, suid: 1000
12:33:02 [INFO] process exit, pid: 416090, parent_pid: 416085
12:33:02 [INFO] process exec, pid: 416091, comm: cat, uid: 1000, euid: 1000, suid: 1000
12:33:02 [INFO] process exit, pid: 416091, parent_pid: 416085
12:33:02 [INFO] process exec, pid: 416092, comm: cat, uid: 1000, euid: 1000, suid: 1000
12:33:02 [INFO] process exit, pid: 416092, parent_pid: 416085
12:33:02 [INFO] process exec, pid: 416093, comm: sleep, uid: 1000, euid: 1000, suid: 1000
12:33:02 [INFO] Successfully removed pid: 416083 from ZOMBIE_PROCESSES
12:33:02 [INFO] Successfully removed pid: 416088 from ZOMBIE_PROCESSES
12:33:02 [INFO] Successfully removed pid: 416086 from ZOMBIE_PROCESSES
12:33:02 [INFO] Freeing process, pid: 416088
12:33:02 [INFO] Freeing process, pid: 416083
12:33:02 [INFO] Successfully removed pid: 416082 from ZOMBIE_PROCESSES
12:33:02 [INFO] Freeing process, pid: 416082
12:33:02 [INFO] Freeing process, pid: 416086
12:33:02 [INFO] Successfully removed pid: 416087 from ZOMBIE_PROCESSES
12:33:02 [INFO] Successfully removed pid: 416091 from ZOMBIE_PROCESSES
12:33:02 [INFO] Successfully removed pid: 416092 from ZOMBIE_PROCESSES
12:33:02 [INFO] Freeing process, pid: 416092
12:33:02 [INFO] Freeing process, pid: 416091
12:33:02 [INFO] Freeing process, pid: 416087
12:33:02 [INFO] Successfully removed pid: 416090 from ZOMBIE_PROCESSES
12:33:02 [INFO] Freeing process, pid: 416090
12:33:02 [INFO] Successfully removed pid: 416089 from ZOMBIE_PROCESSES
12:33:02 [INFO] Freeing process, pid: 416089
12:33:03 [INFO] process exit, pid: 416093, parent_pid: 416085
12:33:03 [INFO] process exec, pid: 416094, comm: sed, uid: 1000, euid: 1000, suid: 1000
12:33:03 [INFO] process exit, pid: 416094, parent_pid: 416085
12:33:03 [INFO] process exec, pid: 416095, comm: cat, uid: 1000, euid: 1000, suid: 1000
12:33:03 [INFO] process exit, pid: 416095, parent_pid: 416085
12:33:03 [INFO] process exit, pid: 416096, parent_pid: 416085
12:33:03 [INFO] process exec, pid: 416097, comm: cat, uid: 1000, euid: 1000, suid: 1000
12:33:03 [INFO] process exit, pid: 416097, parent_pid: 416085
12:33:03 [INFO] process exit, pid: 416098, parent_pid: 416085
12:33:03 [INFO] process exec, pid: 416099, comm: cat, uid: 1000, euid: 1000, suid: 1000
12:33:03 [INFO] process exit, pid: 416099, parent_pid: 416085
12:33:03 [INFO] process exit, pid: 416100, parent_pid: 416085
12:33:03 [INFO] process exec, pid: 416101, comm: cat, uid: 1000, euid: 1000, suid: 1000
12:33:03 [INFO] process exit, pid: 416101, parent_pid: 416085
12:33:03 [INFO] process exit, pid: 416102, parent_pid: 416085
12:33:03 [INFO] process exec, pid: 416103, comm: cat, uid: 1000, euid: 1000, suid: 1000
12:33:03 [INFO] process exit, pid: 416103, parent_pid: 416085
12:33:03 [INFO] process exit, pid: 416104, parent_pid: 416085
12:33:03 [INFO] process exec, pid: 416105, comm: cat, uid: 1000, euid: 1000, suid: 1000
12:33:03 [INFO] process exit, pid: 416105, parent_pid: 416085
12:33:03 [INFO] process exit, pid: 416106, parent_pid: 416085
12:33:03 [INFO] process exit, pid: 416085, parent_pid: 416084
12:33:03 [INFO] process exit, pid: 416084, parent_pid: 347489
12:33:03 [INFO] Successfully removed pid: 416093 from ZOMBIE_PROCESSES
12:33:03 [INFO] Freeing process, pid: 416093
12:33:03 [INFO] Successfully removed pid: 416096 from ZOMBIE_PROCESSES
12:33:03 [INFO] Freeing process, pid: 416096
12:33:03 [INFO] Successfully removed pid: 416099 from ZOMBIE_PROCESSES
12:33:03 [INFO] Freeing process, pid: 416099
12:33:03 [INFO] Successfully removed pid: 416106 from ZOMBIE_PROCESSES
12:33:03 [INFO] Freeing process, pid: 416106
12:33:03 [INFO] Successfully removed pid: 416094 from ZOMBIE_PROCESSES
12:33:03 [INFO] Freeing process, pid: 416094
12:33:03 [INFO] Successfully removed pid: 416098 from ZOMBIE_PROCESSES
12:33:03 [INFO] Freeing process, pid: 416098
12:33:03 [INFO] Successfully removed pid: 416097 from ZOMBIE_PROCESSES
12:33:03 [INFO] Successfully removed pid: 416101 from ZOMBIE_PROCESSES
12:33:03 [INFO] Freeing process, pid: 416101
12:33:03 [INFO] Successfully removed pid: 416103 from ZOMBIE_PROCESSES
12:33:03 [INFO] Successfully removed pid: 416100 from ZOMBIE_PROCESSES
12:33:03 [INFO] Freeing process, pid: 416100
12:33:03 [INFO] Freeing process, pid: 416103
12:33:03 [INFO] Freeing process, pid: 416097
12:33:03 [INFO] Successfully removed pid: 416095 from ZOMBIE_PROCESSES
12:33:03 [INFO] Freeing process, pid: 416095
12:33:03 [INFO] Successfully removed pid: 416105 from ZOMBIE_PROCESSES
12:33:03 [INFO] Successfully removed pid: 416084 from ZOMBIE_PROCESSES
12:33:03 [INFO] Freeing process, pid: 416084
12:33:03 [INFO] Freeing process, pid: 416105
12:33:03 [INFO] Successfully removed pid: 416102 from ZOMBIE_PROCESSES
12:33:03 [INFO] Successfully removed pid: 416085 from ZOMBIE_PROCESSES
12:33:03 [INFO] Freeing process, pid: 416102
12:33:03 [INFO] Freeing process, pid: 416085
12:33:03 [INFO] Successfully removed pid: 416104 from ZOMBIE_PROCESSES
12:33:03 [INFO] Freeing process, pid: 416104
12:33:05 [INFO] process exec, pid: 416107, comm: git, uid: 1000, euid: 1000, suid: 1000
12:33:05 [INFO] process exit, pid: 416107, parent_pid: 400748
12:33:05 [INFO] process exec, pid: 416109, comm: git, uid: 1000, euid: 1000, suid: 1000
12:33:05 [INFO] process exit, pid: 416109, parent_pid: 400748
12:33:05 [INFO] process exec, pid: 416110, comm: git, uid: 1000, euid: 1000, suid: 1000
12:33:05 [INFO] process exit, pid: 416110, parent_pid: 400748
12:33:05 [INFO] process exit, pid: 416113, parent_pid: 400748
12:33:05 [INFO] Successfully removed pid: 416107 from ZOMBIE_PROCESSES
12:33:05 [INFO] Freeing process, pid: 416107
12:33:05 [INFO] process exit, pid: 416112, parent_pid: 400748
12:33:05 [INFO] process exec, pid: 416114, comm: git, uid: 1000, euid: 1000, suid: 1000
12:33:05 [INFO] process exit, pid: 416114, parent_pid: 400748
12:33:05 [INFO] process exit, pid: 416111, parent_pid: 400748
12:33:05 [INFO] process exit, pid: 416108, parent_pid: 400748
12:33:05 [INFO] Successfully removed pid: 416109 from ZOMBIE_PROCESSES
12:33:05 [INFO] Freeing process, pid: 416109
12:33:05 [INFO] process exec, pid: 416115, comm: git, uid: 1000, euid: 1000, suid: 1000
12:33:05 [INFO] process exit, pid: 416115, parent_pid: 400748
12:33:05 [INFO] Successfully removed pid: 416112 from ZOMBIE_PROCESSES
12:33:05 [INFO] Freeing process, pid: 416112
12:33:05 [INFO] Successfully removed pid: 416113 from ZOMBIE_PROCESSES
12:33:05 [INFO] Freeing process, pid: 416113
12:33:05 [INFO] Successfully removed pid: 416111 from ZOMBIE_PROCESSES
12:33:05 [INFO] Freeing process, pid: 416111
12:33:05 [INFO] Successfully removed pid: 416108 from ZOMBIE_PROCESSES
12:33:05 [INFO] Freeing process, pid: 416108
12:33:05 [INFO] process exec, pid: 416116, comm: git, uid: 1000, euid: 1000, suid: 1000
12:33:05 [INFO] process exit, pid: 416116, parent_pid: 400748
12:33:05 [INFO] Successfully removed pid: 416110 from ZOMBIE_PROCESSES
12:33:05 [INFO] Freeing process, pid: 416110
12:33:05 [INFO] Successfully removed pid: 416114 from ZOMBIE_PROCESSES
12:33:05 [INFO] Freeing process, pid: 416114
12:33:05 [INFO] Successfully removed pid: 416115 from ZOMBIE_PROCESSES
12:33:05 [INFO] Freeing process, pid: 416115
12:33:05 [INFO] process exec, pid: 416117, comm: git, uid: 1000, euid: 1000, suid: 1000
12:33:05 [INFO] process exit, pid: 416117, parent_pid: 400748
12:33:05 [INFO] Successfully removed pid: 416116 from ZOMBIE_PROCESSES
12:33:05 [INFO] Freeing process, pid: 416116
12:33:05 [INFO] Successfully removed pid: 416117 from ZOMBIE_PROCESSES
12:33:05 [INFO] Freeing process, pid: 416117
12:33:05 [INFO] process exec, pid: 416118, comm: git, uid: 1000, euid: 1000, suid: 1000
12:33:05 [INFO] process exit, pid: 416118, parent_pid: 400748
12:33:05 [INFO] Successfully removed pid: 416118 from ZOMBIE_PROCESSES
12:33:05 [INFO] Freeing process, pid: 416118
12:33:07 [INFO] process exec, pid: 416120, comm: sh, uid: 1000, euid: 1000, suid: 1000
12:33:07 [INFO] process exec, pid: 416121, comm: which, uid: 1000, euid: 1000, suid: 1000
12:33:07 [INFO] process exit, pid: 416121, parent_pid: 416120
12:33:07 [INFO] process exec, pid: 416122, comm: sh, uid: 1000, euid: 1000, suid: 1000
12:33:07 [INFO] process exit, pid: 416120, parent_pid: 347489
12:33:07 [INFO] process exec, pid: 416123, comm: ps, uid: 1000, euid: 1000, suid: 1000
12:33:07 [INFO] process exit, pid: 416123, parent_pid: 416122
12:33:07 [INFO] process exit, pid: 416122, parent_pid: 347489
12:33:07 [INFO] process exec, pid: 416124, comm: sh, uid: 1000, euid: 1000, suid: 1000
12:33:07 [INFO] Successfully removed pid: 416120 from ZOMBIE_PROCESSES
12:33:07 [INFO] Freeing process, pid: 416120
12:33:07 [INFO] process exec, pid: 416125, comm: cpuUsage.sh, uid: 1000, euid: 1000, suid: 1000
12:33:07 [INFO] process exec, pid: 416126, comm: sed, uid: 1000, euid: 1000, suid: 1000
12:33:07 [INFO] process exit, pid: 416126, parent_pid: 416125
12:33:07 [INFO] process exec, pid: 416127, comm: cat, uid: 1000, euid: 1000, suid: 1000
12:33:07 [INFO] process exit, pid: 416127, parent_pid: 416125
12:33:07 [INFO] process exec, pid: 416128, comm: cat, uid: 1000, euid: 1000, suid: 1000
12:33:07 [INFO] process exit, pid: 416128, parent_pid: 416125
12:33:07 [INFO] process exec, pid: 416129, comm: cat, uid: 1000, euid: 1000, suid: 1000
12:33:07 [INFO] process exit, pid: 416129, parent_pid: 416125
12:33:07 [INFO] process exec, pid: 416130, comm: cat, uid: 1000, euid: 1000, suid: 1000
12:33:07 [INFO] process exit, pid: 416130, parent_pid: 416125
12:33:07 [INFO] process exec, pid: 416131, comm: cat, uid: 1000, euid: 1000, suid: 1000
12:33:07 [INFO] process exit, pid: 416131, parent_pid: 416125
12:33:07 [INFO] process exec, pid: 416132, comm: cat, uid: 1000, euid: 1000, suid: 1000
12:33:07 [INFO] process exit, pid: 416132, parent_pid: 416125
12:33:07 [INFO] process exec, pid: 416133, comm: sleep, uid: 1000, euid: 1000, suid: 1000
12:33:07 [INFO] Successfully removed pid: 416121 from ZOMBIE_PROCESSES
12:33:07 [INFO] Freeing process, pid: 416121
12:33:07 [INFO] Successfully removed pid: 416131 from ZOMBIE_PROCESSES
12:33:07 [INFO] Successfully removed pid: 416130 from ZOMBIE_PROCESSES
12:33:07 [INFO] Freeing process, pid: 416130
12:33:07 [INFO] Successfully removed pid: 416123 from ZOMBIE_PROCESSES
12:33:07 [INFO] Successfully removed pid: 416122 from ZOMBIE_PROCESSES
12:33:07 [INFO] Freeing process, pid: 416122
12:33:07 [INFO] Freeing process, pid: 416131
12:33:07 [INFO] Successfully removed pid: 416126 from ZOMBIE_PROCESSES
12:33:07 [INFO] Freeing process, pid: 416126
12:33:07 [INFO] Freeing process, pid: 416123
12:33:07 [INFO] Successfully removed pid: 416127 from ZOMBIE_PROCESSES
12:33:07 [INFO] Freeing process, pid: 416127
12:33:07 [INFO] Successfully removed pid: 416128 from ZOMBIE_PROCESSES
12:33:07 [INFO] Freeing process, pid: 416128
12:33:07 [INFO] Successfully removed pid: 416129 from ZOMBIE_PROCESSES
12:33:07 [INFO] Freeing process, pid: 416129
12:33:07 [INFO] Successfully removed pid: 416132 from ZOMBIE_PROCESSES
12:33:07 [INFO] Freeing process, pid: 416132
12:33:08 [INFO] process exit, pid: 416133, parent_pid: 416125
12:33:08 [INFO] process exec, pid: 416134, comm: sed, uid: 1000, euid: 1000, suid: 1000
12:33:08 [INFO] process exit, pid: 416134, parent_pid: 416125
12:33:08 [INFO] process exec, pid: 416135, comm: cat, uid: 1000, euid: 1000, suid: 1000
12:33:08 [INFO] process exit, pid: 416135, parent_pid: 416125
12:33:08 [INFO] process exit, pid: 416136, parent_pid: 416125
12:33:08 [INFO] process exec, pid: 416137, comm: cat, uid: 1000, euid: 1000, suid: 1000
12:33:08 [INFO] process exit, pid: 416137, parent_pid: 416125
12:33:08 [INFO] process exit, pid: 416138, parent_pid: 416125
12:33:08 [INFO] process exec, pid: 416139, comm: cat, uid: 1000, euid: 1000, suid: 1000
12:33:08 [INFO] process exit, pid: 416139, parent_pid: 416125
12:33:08 [INFO] process exit, pid: 416140, parent_pid: 416125
12:33:08 [INFO] process exec, pid: 416141, comm: cat, uid: 1000, euid: 1000, suid: 1000
12:33:08 [INFO] process exit, pid: 416141, parent_pid: 416125
12:33:08 [INFO] process exit, pid: 416142, parent_pid: 416125
12:33:08 [INFO] process exec, pid: 416143, comm: cat, uid: 1000, euid: 1000, suid: 1000
12:33:08 [INFO] process exit, pid: 416143, parent_pid: 416125
12:33:08 [INFO] process exit, pid: 416144, parent_pid: 416125
12:33:08 [INFO] process exec, pid: 416145, comm: cat, uid: 1000, euid: 1000, suid: 1000
12:33:08 [INFO] process exit, pid: 416145, parent_pid: 416125
12:33:08 [INFO] process exit, pid: 416146, parent_pid: 416125
12:33:08 [INFO] process exit, pid: 416125, parent_pid: 416124
12:33:08 [INFO] process exit, pid: 416124, parent_pid: 347489
12:33:08 [INFO] Successfully removed pid: 416138 from ZOMBIE_PROCESSES
12:33:08 [INFO] Freeing process, pid: 416138
12:33:08 [INFO] Successfully removed pid: 416143 from ZOMBIE_PROCESSES
12:33:08 [INFO] Freeing process, pid: 416143
12:33:08 [INFO] Successfully removed pid: 416133 from ZOMBIE_PROCESSES
12:33:08 [INFO] Successfully removed pid: 416137 from ZOMBIE_PROCESSES
12:33:08 [INFO] Freeing process, pid: 416133
12:33:08 [INFO] Freeing process, pid: 416137
12:33:08 [INFO] Successfully removed pid: 416134 from ZOMBIE_PROCESSES
12:33:08 [INFO] Freeing process, pid: 416134
12:33:08 [INFO] Successfully removed pid: 416125 from ZOMBIE_PROCESSES
12:33:08 [INFO] Freeing process, pid: 416125
12:33:08 [INFO] Successfully removed pid: 416135 from ZOMBIE_PROCESSES
12:33:08 [INFO] Successfully removed pid: 416140 from ZOMBIE_PROCESSES
12:33:08 [INFO] Successfully removed pid: 416124 from ZOMBIE_PROCESSES
12:33:08 [INFO] Successfully removed pid: 416145 from ZOMBIE_PROCESSES
12:33:08 [INFO] Freeing process, pid: 416145
12:33:08 [INFO] Freeing process, pid: 416135
12:33:08 [INFO] Freeing process, pid: 416124
12:33:08 [INFO] Successfully removed pid: 416136 from ZOMBIE_PROCESSES
12:33:08 [INFO] Freeing process, pid: 416140
12:33:08 [INFO] Successfully removed pid: 416146 from ZOMBIE_PROCESSES
12:33:08 [INFO] Freeing process, pid: 416146
12:33:08 [INFO] Freeing process, pid: 416136
12:33:08 [INFO] Successfully removed pid: 416139 from ZOMBIE_PROCESSES
12:33:08 [INFO] Freeing process, pid: 416139
12:33:08 [INFO] Successfully removed pid: 416144 from ZOMBIE_PROCESSES
12:33:08 [INFO] Freeing process, pid: 416144
12:33:08 [INFO] Successfully removed pid: 416141 from ZOMBIE_PROCESSES
12:33:08 [INFO] Freeing process, pid: 416141
12:33:08 [INFO] Successfully removed pid: 416142 from ZOMBIE_PROCESSES
12:33:08 [INFO] Freeing process, pid: 416142
